Mensaje I / 00:00:00:000 / Root(00) para top(01)
Mensaje I / 00:00:00:000 / top(01) para econtrol(02)
Mensaje I / 00:00:00:000 / top(01) para evehicle(03)
Mensaje D / 00:00:00:000 / econtrol(02) / ... para top(01)
Mensaje D / 00:00:00:000 / evehicle(03) / ... para top(01)
Mensaje D / 00:00:00:000 / top(01) / ... para Root(00)
Mensaje X / 00:05:00:000 / Root(00) / acall /      2.00000 para top(01)
Mensaje X / 00:05:00:000 / top(01) / acall /      2.00000 para econtrol(02)
Mensaje D / 00:05:00:000 / econtrol(02) / 00:00:00:000 para top(01)
Mensaje D / 00:05:00:000 / top(01) / 00:00:00:000 para Root(00)
Mensaje * / 00:05:00:000 / Root(00) para top(01)
Mensaje * / 00:05:00:000 / top(01) para econtrol(02)
Mensaje Y / 00:05:00:000 / econtrol(02) / timem /      1.00000 para top(01)
Mensaje D / 00:05:00:000 / econtrol(02) / ... para top(01)
Mensaje X / 00:05:00:000 / top(01) / in /      1.00000 para evehicle(03)
Mensaje D / 00:05:00:000 / evehicle(03) / 00:01:00:000 para top(01)
Mensaje D / 00:05:00:000 / top(01) / 00:01:00:000 para Root(00)
Mensaje * / 00:06:00:000 / Root(00) para top(01)
Mensaje * / 00:06:00:000 / top(01) para evehicle(03)
Mensaje Y / 00:06:00:000 / evehicle(03) / out /      1.00000 para top(01)
Mensaje D / 00:06:00:000 / evehicle(03) / ... para top(01)
Mensaje X / 00:06:00:000 / top(01) / fback /      1.00000 para econtrol(02)
Mensaje D / 00:06:00:000 / econtrol(02) / 00:00:00:000 para top(01)
Mensaje D / 00:06:00:000 / top(01) / 00:00:00:000 para Root(00)
Mensaje * / 00:06:00:000 / Root(00) para top(01)
Mensaje * / 00:06:00:000 / top(01) para econtrol(02)
Mensaje Y / 00:06:00:000 / econtrol(02) / floor /      2.00000 para top(01)
Mensaje D / 00:06:00:000 / econtrol(02) / ... para top(01)
Mensaje Y / 00:06:00:000 / top(01) / floor /      2.00000 para Root(00)
Mensaje D / 00:06:00:000 / top(01) / ... para Root(00)
Mensaje X / 00:10:00:000 / Root(00) / acall /      3.00000 para top(01)
Mensaje X / 00:10:00:000 / top(01) / acall /      3.00000 para econtrol(02)
Mensaje D / 00:10:00:000 / econtrol(02) / 00:00:00:000 para top(01)
Mensaje D / 00:10:00:000 / top(01) / 00:00:00:000 para Root(00)
Mensaje * / 00:10:00:000 / Root(00) para top(01)
Mensaje * / 00:10:00:000 / top(01) para econtrol(02)
Mensaje Y / 00:10:00:000 / econtrol(02) / timem /      1.00000 para top(01)
Mensaje D / 00:10:00:000 / econtrol(02) / ... para top(01)
Mensaje X / 00:10:00:000 / top(01) / in /      1.00000 para evehicle(03)
Mensaje D / 00:10:00:000 / evehicle(03) / 00:01:00:000 para top(01)
Mensaje D / 00:10:00:000 / top(01) / 00:01:00:000 para Root(00)
Mensaje * / 00:11:00:000 / Root(00) para top(01)
Mensaje * / 00:11:00:000 / top(01) para evehicle(03)
Mensaje Y / 00:11:00:000 / evehicle(03) / out /      1.00000 para top(01)
Mensaje D / 00:11:00:000 / evehicle(03) / ... para top(01)
Mensaje X / 00:11:00:000 / top(01) / fback /      1.00000 para econtrol(02)
Mensaje D / 00:11:00:000 / econtrol(02) / 00:00:00:000 para top(01)
Mensaje D / 00:11:00:000 / top(01) / 00:00:00:000 para Root(00)
Mensaje * / 00:11:00:000 / Root(00) para top(01)
Mensaje * / 00:11:00:000 / top(01) para econtrol(02)
Mensaje Y / 00:11:00:000 / econtrol(02) / floor /      3.00000 para top(01)
Mensaje D / 00:11:00:000 / econtrol(02) / ... para top(01)
Mensaje Y / 00:11:00:000 / top(01) / floor /      3.00000 para Root(00)
Mensaje D / 00:11:00:000 / top(01) / ... para Root(00)
Mensaje X / 00:15:30:000 / Root(00) / acall /      1.00000 para top(01)
Mensaje X / 00:15:30:000 / top(01) / acall /      1.00000 para econtrol(02)
Mensaje D / 00:15:30:000 / econtrol(02) / 00:00:00:000 para top(01)
Mensaje D / 00:15:30:000 / top(01) / 00:00:00:000 para Root(00)
Mensaje * / 00:15:30:000 / Root(00) para top(01)
Mensaje * / 00:15:30:000 / top(01) para econtrol(02)
Mensaje Y / 00:15:30:000 / econtrol(02) / timem /      2.00000 para top(01)
Mensaje D / 00:15:30:000 / econtrol(02) / ... para top(01)
Mensaje X / 00:15:30:000 / top(01) / in /      2.00000 para evehicle(03)
Mensaje D / 00:15:30:000 / evehicle(03) / 00:02:00:000 para top(01)
Mensaje D / 00:15:30:000 / top(01) / 00:02:00:000 para Root(00)
Mensaje * / 00:17:30:000 / Root(00) para top(01)
Mensaje * / 00:17:30:000 / top(01) para evehicle(03)
Mensaje Y / 00:17:30:000 / evehicle(03) / out /      2.00000 para top(01)
Mensaje D / 00:17:30:000 / evehicle(03) / ... para top(01)
Mensaje X / 00:17:30:000 / top(01) / fback /      2.00000 para econtrol(02)
Mensaje D / 00:17:30:000 / econtrol(02) / 00:00:00:000 para top(01)
Mensaje D / 00:17:30:000 / top(01) / 00:00:00:000 para Root(00)
Mensaje * / 00:17:30:000 / Root(00) para top(01)
Mensaje * / 00:17:30:000 / top(01) para econtrol(02)
Mensaje Y / 00:17:30:000 / econtrol(02) / floor /      1.00000 para top(01)
Mensaje D / 00:17:30:000 / econtrol(02) / ... para top(01)
Mensaje Y / 00:17:30:000 / top(01) / floor /      1.00000 para Root(00)
Mensaje D / 00:17:30:000 / top(01) / ... para Root(00)
Mensaje X / 00:20:00:000 / Root(00) / acall /      1.00000 para top(01)
Mensaje X / 00:20:00:000 / top(01) / acall /      1.00000 para econtrol(02)
Mensaje D / 00:20:00:000 / econtrol(02) / 00:00:00:000 para top(01)
Mensaje D / 00:20:00:000 / top(01) / 00:00:00:000 para Root(00)
Mensaje * / 00:20:00:000 / Root(00) para top(01)
Mensaje * / 00:20:00:000 / top(01) para econtrol(02)
Mensaje Y / 00:20:00:000 / econtrol(02) / timem /      0.00000 para top(01)
Mensaje D / 00:20:00:000 / econtrol(02) / ... para top(01)
Mensaje X / 00:20:00:000 / top(01) / in /      0.00000 para evehicle(03)
Mensaje D / 00:20:00:000 / evehicle(03) / 00:00:00:000 para top(01)
Mensaje D / 00:20:00:000 / top(01) / 00:00:00:000 para Root(00)
Mensaje * / 00:20:00:000 / Root(00) para top(01)
Mensaje * / 00:20:00:000 / top(01) para evehicle(03)
Mensaje Y / 00:20:00:000 / evehicle(03) / out /      0.00000 para top(01)
Mensaje D / 00:20:00:000 / evehicle(03) / ... para top(01)
Mensaje X / 00:20:00:000 / top(01) / fback /      0.00000 para econtrol(02)
Mensaje D / 00:20:00:000 / econtrol(02) / 00:00:00:000 para top(01)
Mensaje D / 00:20:00:000 / top(01) / 00:00:00:000 para Root(00)
Mensaje * / 00:20:00:000 / Root(00) para top(01)
Mensaje * / 00:20:00:000 / top(01) para econtrol(02)
Mensaje Y / 00:20:00:000 / econtrol(02) / floor /      1.00000 para top(01)
Mensaje D / 00:20:00:000 / econtrol(02) / ... para top(01)
Mensaje Y / 00:20:00:000 / top(01) / floor /      1.00000 para Root(00)
Mensaje D / 00:20:00:000 / top(01) / ... para Root(00)
Mensaje X / 00:23:00:000 / Root(00) / acall /      2.00000 para top(01)
Mensaje X / 00:23:00:000 / top(01) / acall /      2.00000 para econtrol(02)
Mensaje D / 00:23:00:000 / econtrol(02) / 00:00:00:000 para top(01)
Mensaje D / 00:23:00:000 / top(01) / 00:00:00:000 para Root(00)
Mensaje * / 00:23:00:000 / Root(00) para top(01)
Mensaje * / 00:23:00:000 / top(01) para econtrol(02)
Mensaje Y / 00:23:00:000 / econtrol(02) / timem /      1.00000 para top(01)
Mensaje D / 00:23:00:000 / econtrol(02) / ... para top(01)
Mensaje X / 00:23:00:000 / top(01) / in /      1.00000 para evehicle(03)
Mensaje D / 00:23:00:000 / evehicle(03) / 00:01:00:000 para top(01)
Mensaje D / 00:23:00:000 / top(01) / 00:01:00:000 para Root(00)
Mensaje * / 00:24:00:000 / Root(00) para top(01)
Mensaje * / 00:24:00:000 / top(01) para evehicle(03)
Mensaje Y / 00:24:00:000 / evehicle(03) / out /      1.00000 para top(01)
Mensaje D / 00:24:00:000 / evehicle(03) / ... para top(01)
Mensaje X / 00:24:00:000 / top(01) / fback /      1.00000 para econtrol(02)
Mensaje D / 00:24:00:000 / econtrol(02) / 00:00:00:000 para top(01)
Mensaje D / 00:24:00:000 / top(01) / 00:00:00:000 para Root(00)
Mensaje * / 00:24:00:000 / Root(00) para top(01)
Mensaje * / 00:24:00:000 / top(01) para econtrol(02)
Mensaje Y / 00:24:00:000 / econtrol(02) / floor /      2.00000 para top(01)
Mensaje D / 00:24:00:000 / econtrol(02) / ... para top(01)
Mensaje Y / 00:24:00:000 / top(01) / floor /      2.00000 para Root(00)
Mensaje D / 00:24:00:000 / top(01) / ... para Root(00)
Mensaje X / 00:25:00:000 / Root(00) / acall /      3.00000 para top(01)
Mensaje X / 00:25:00:000 / top(01) / acall /      3.00000 para econtrol(02)
Mensaje D / 00:25:00:000 / econtrol(02) / 00:00:00:000 para top(01)
Mensaje D / 00:25:00:000 / top(01) / 00:00:00:000 para Root(00)
Mensaje * / 00:25:00:000 / Root(00) para top(01)
Mensaje * / 00:25:00:000 / top(01) para econtrol(02)
Mensaje Y / 00:25:00:000 / econtrol(02) / timem /      1.00000 para top(01)
Mensaje D / 00:25:00:000 / econtrol(02) / ... para top(01)
Mensaje X / 00:25:00:000 / top(01) / in /      1.00000 para evehicle(03)
Mensaje D / 00:25:00:000 / evehicle(03) / 00:01:00:000 para top(01)
Mensaje D / 00:25:00:000 / top(01) / 00:01:00:000 para Root(00)
Mensaje * / 00:26:00:000 / Root(00) para top(01)
Mensaje * / 00:26:00:000 / top(01) para evehicle(03)
Mensaje Y / 00:26:00:000 / evehicle(03) / out /      1.00000 para top(01)
Mensaje D / 00:26:00:000 / evehicle(03) / ... para top(01)
Mensaje X / 00:26:00:000 / top(01) / fback /      1.00000 para econtrol(02)
Mensaje D / 00:26:00:000 / econtrol(02) / 00:00:00:000 para top(01)
Mensaje D / 00:26:00:000 / top(01) / 00:00:00:000 para Root(00)
Mensaje * / 00:26:00:000 / Root(00) para top(01)
Mensaje * / 00:26:00:000 / top(01) para econtrol(02)
Mensaje Y / 00:26:00:000 / econtrol(02) / floor /      3.00000 para top(01)
Mensaje D / 00:26:00:000 / econtrol(02) / ... para top(01)
Mensaje Y / 00:26:00:000 / top(01) / floor /      3.00000 para Root(00)
Mensaje D / 00:26:00:000 / top(01) / ... para Root(00)
Mensaje X / 00:27:01:000 / Root(00) / acall /      1.00000 para top(01)
Mensaje X / 00:27:01:000 / top(01) / acall /      1.00000 para econtrol(02)
Mensaje D / 00:27:01:000 / econtrol(02) / 00:00:00:000 para top(01)
Mensaje D / 00:27:01:000 / top(01) / 00:00:00:000 para Root(00)
Mensaje * / 00:27:01:000 / Root(00) para top(01)
Mensaje * / 00:27:01:000 / top(01) para econtrol(02)
Mensaje Y / 00:27:01:000 / econtrol(02) / timem /      2.00000 para top(01)
Mensaje D / 00:27:01:000 / econtrol(02) / ... para top(01)
Mensaje X / 00:27:01:000 / top(01) / in /      2.00000 para evehicle(03)
Mensaje D / 00:27:01:000 / evehicle(03) / 00:02:00:000 para top(01)
Mensaje D / 00:27:01:000 / top(01) / 00:02:00:000 para Root(00)
Mensaje * / 00:29:01:000 / Root(00) para top(01)
Mensaje * / 00:29:01:000 / top(01) para evehicle(03)
Mensaje Y / 00:29:01:000 / evehicle(03) / out /      2.00000 para top(01)
Mensaje D / 00:29:01:000 / evehicle(03) / ... para top(01)
Mensaje X / 00:29:01:000 / top(01) / fback /      2.00000 para econtrol(02)
Mensaje D / 00:29:01:000 / econtrol(02) / 00:00:00:000 para top(01)
Mensaje D / 00:29:01:000 / top(01) / 00:00:00:000 para Root(00)
Mensaje * / 00:29:01:000 / Root(00) para top(01)
Mensaje * / 00:29:01:000 / top(01) para econtrol(02)
Mensaje Y / 00:29:01:000 / econtrol(02) / floor /      1.00000 para top(01)
Mensaje D / 00:29:01:000 / econtrol(02) / ... para top(01)
Mensaje Y / 00:29:01:000 / top(01) / floor /      1.00000 para Root(00)
Mensaje D / 00:29:01:000 / top(01) / ... para Root(00)
Mensaje X / 00:29:30:000 / Root(00) / acall /      2.00000 para top(01)
Mensaje X / 00:29:30:000 / top(01) / acall /      2.00000 para econtrol(02)
Mensaje D / 00:29:30:000 / econtrol(02) / 00:00:00:000 para top(01)
Mensaje D / 00:29:30:000 / top(01) / 00:00:00:000 para Root(00)
Mensaje * / 00:29:30:000 / Root(00) para top(01)
Mensaje * / 00:29:30:000 / top(01) para econtrol(02)
Mensaje Y / 00:29:30:000 / econtrol(02) / timem /      1.00000 para top(01)
Mensaje D / 00:29:30:000 / econtrol(02) / ... para top(01)
Mensaje X / 00:29:30:000 / top(01) / in /      1.00000 para evehicle(03)
Mensaje D / 00:29:30:000 / evehicle(03) / 00:01:00:000 para top(01)
Mensaje D / 00:29:30:000 / top(01) / 00:01:00:000 para Root(00)
Mensaje * / 00:30:30:000 / Root(00) para top(01)
Mensaje * / 00:30:30:000 / top(01) para evehicle(03)
Mensaje Y / 00:30:30:000 / evehicle(03) / out /      1.00000 para top(01)
Mensaje D / 00:30:30:000 / evehicle(03) / ... para top(01)
Mensaje X / 00:30:30:000 / top(01) / fback /      1.00000 para econtrol(02)
Mensaje D / 00:30:30:000 / econtrol(02) / 00:00:00:000 para top(01)
Mensaje D / 00:30:30:000 / top(01) / 00:00:00:000 para Root(00)
Mensaje * / 00:30:30:000 / Root(00) para top(01)
Mensaje * / 00:30:30:000 / top(01) para econtrol(02)
Mensaje Y / 00:30:30:000 / econtrol(02) / floor /      2.00000 para top(01)
Mensaje D / 00:30:30:000 / econtrol(02) / ... para top(01)
Mensaje Y / 00:30:30:000 / top(01) / floor /      2.00000 para Root(00)
Mensaje D / 00:30:30:000 / top(01) / ... para Root(00)
Mensaje X / 00:34:00:000 / Root(00) / acall /      1.00000 para top(01)
Mensaje X / 00:34:00:000 / top(01) / acall /      1.00000 para econtrol(02)
Mensaje D / 00:34:00:000 / econtrol(02) / 00:00:00:000 para top(01)
Mensaje D / 00:34:00:000 / top(01) / 00:00:00:000 para Root(00)
Mensaje * / 00:34:00:000 / Root(00) para top(01)
Mensaje * / 00:34:00:000 / top(01) para econtrol(02)
Mensaje Y / 00:34:00:000 / econtrol(02) / timem /      1.00000 para top(01)
Mensaje D / 00:34:00:000 / econtrol(02) / ... para top(01)
Mensaje X / 00:34:00:000 / top(01) / in /      1.00000 para evehicle(03)
Mensaje D / 00:34:00:000 / evehicle(03) / 00:01:00:000 para top(01)
Mensaje D / 00:34:00:000 / top(01) / 00:01:00:000 para Root(00)
Mensaje * / 00:35:00:000 / Root(00) para top(01)
Mensaje * / 00:35:00:000 / top(01) para evehicle(03)
Mensaje Y / 00:35:00:000 / evehicle(03) / out /      1.00000 para top(01)
Mensaje D / 00:35:00:000 / evehicle(03) / ... para top(01)
Mensaje X / 00:35:00:000 / top(01) / fback /      1.00000 para econtrol(02)
Mensaje D / 00:35:00:000 / econtrol(02) / 00:00:00:000 para top(01)
Mensaje D / 00:35:00:000 / top(01) / 00:00:00:000 para Root(00)
Mensaje * / 00:35:00:000 / Root(00) para top(01)
Mensaje * / 00:35:00:000 / top(01) para econtrol(02)
Mensaje Y / 00:35:00:000 / econtrol(02) / floor /      1.00000 para top(01)
Mensaje D / 00:35:00:000 / econtrol(02) / ... para top(01)
Mensaje Y / 00:35:00:000 / top(01) / floor /      1.00000 para Root(00)
Mensaje D / 00:35:00:000 / top(01) / ... para Root(00)
Mensaje X / 00:36:00:000 / Root(00) / acall /      3.00000 para top(01)
Mensaje X / 00:36:00:000 / top(01) / acall /      3.00000 para econtrol(02)
Mensaje D / 00:36:00:000 / econtrol(02) / 00:00:00:000 para top(01)
Mensaje D / 00:36:00:000 / top(01) / 00:00:00:000 para Root(00)
Mensaje * / 00:36:00:000 / Root(00) para top(01)
Mensaje * / 00:36:00:000 / top(01) para econtrol(02)
Mensaje Y / 00:36:00:000 / econtrol(02) / timem /      2.00000 para top(01)
Mensaje D / 00:36:00:000 / econtrol(02) / ... para top(01)
Mensaje X / 00:36:00:000 / top(01) / in /      2.00000 para evehicle(03)
Mensaje D / 00:36:00:000 / evehicle(03) / 00:02:00:000 para top(01)
Mensaje D / 00:36:00:000 / top(01) / 00:02:00:000 para Root(00)
Mensaje * / 00:38:00:000 / Root(00) para top(01)
Mensaje * / 00:38:00:000 / top(01) para evehicle(03)
Mensaje Y / 00:38:00:000 / evehicle(03) / out /      2.00000 para top(01)
Mensaje D / 00:38:00:000 / evehicle(03) / ... para top(01)
Mensaje X / 00:38:00:000 / top(01) / fback /      2.00000 para econtrol(02)
Mensaje D / 00:38:00:000 / econtrol(02) / 00:00:00:000 para top(01)
Mensaje D / 00:38:00:000 / top(01) / 00:00:00:000 para Root(00)
Mensaje * / 00:38:00:000 / Root(00) para top(01)
Mensaje * / 00:38:00:000 / top(01) para econtrol(02)
Mensaje Y / 00:38:00:000 / econtrol(02) / floor /      3.00000 para top(01)
Mensaje D / 00:38:00:000 / econtrol(02) / ... para top(01)
Mensaje Y / 00:38:00:000 / top(01) / floor /      3.00000 para Root(00)
Mensaje D / 00:38:00:000 / top(01) / ... para Root(00)
