Mensaje I / 00:00:00:000 / Root(00) para top(01)
Mensaje I / 00:00:00:000 / top(01) para evehicle(02)
Mensaje D / 00:00:00:000 / evehicle(02) / ... para top(01)
Mensaje D / 00:00:00:000 / top(01) / ... para Root(00)
Mensaje X / 00:10:00:000 / Root(00) / cdiff /      3.00000 para top(01)
Mensaje X / 00:10:00:000 / top(01) / in /      3.00000 para evehicle(02)
Mensaje D / 00:10:00:000 / evehicle(02) / 00:03:00:000 para top(01)
Mensaje D / 00:10:00:000 / top(01) / 00:03:00:000 para Root(00)
Mensaje * / 00:13:00:000 / Root(00) para top(01)
Mensaje * / 00:13:00:000 / top(01) para evehicle(02)
Mensaje Y / 00:13:00:000 / evehicle(02) / out /      3.00000 para top(01)
Mensaje D / 00:13:00:000 / evehicle(02) / ... para top(01)
Mensaje Y / 00:13:00:000 / top(01) / diff /      3.00000 para Root(00)
Mensaje D / 00:13:00:000 / top(01) / ... para Root(00)
Mensaje X / 00:21:00:000 / Root(00) / cdiff /      2.00000 para top(01)
Mensaje X / 00:21:00:000 / top(01) / in /      2.00000 para evehicle(02)
Mensaje D / 00:21:00:000 / evehicle(02) / 00:02:00:000 para top(01)
Mensaje D / 00:21:00:000 / top(01) / 00:02:00:000 para Root(00)
Mensaje * / 00:23:00:000 / Root(00) para top(01)
Mensaje * / 00:23:00:000 / top(01) para evehicle(02)
Mensaje Y / 00:23:00:000 / evehicle(02) / out /      2.00000 para top(01)
Mensaje D / 00:23:00:000 / evehicle(02) / ... para top(01)
Mensaje Y / 00:23:00:000 / top(01) / diff /      2.00000 para Root(00)
Mensaje D / 00:23:00:000 / top(01) / ... para Root(00)
Mensaje X / 00:24:30:000 / Root(00) / cdiff /      1.00000 para top(01)
Mensaje X / 00:24:30:000 / top(01) / in /      1.00000 para evehicle(02)
Mensaje D / 00:24:30:000 / evehicle(02) / 00:01:00:000 para top(01)
Mensaje D / 00:24:30:000 / top(01) / 00:01:00:000 para Root(00)
Mensaje * / 00:25:30:000 / Root(00) para top(01)
Mensaje * / 00:25:30:000 / top(01) para evehicle(02)
Mensaje Y / 00:25:30:000 / evehicle(02) / out /      1.00000 para top(01)
Mensaje D / 00:25:30:000 / evehicle(02) / ... para top(01)
Mensaje Y / 00:25:30:000 / top(01) / diff /      1.00000 para Root(00)
Mensaje D / 00:25:30:000 / top(01) / ... para Root(00)
Mensaje X / 00:28:00:000 / Root(00) / cdiff /      1.00000 para top(01)
Mensaje X / 00:28:00:000 / top(01) / in /      1.00000 para evehicle(02)
Mensaje D / 00:28:00:000 / evehicle(02) / 00:01:00:000 para top(01)
Mensaje D / 00:28:00:000 / top(01) / 00:01:00:000 para Root(00)
Mensaje * / 00:29:00:000 / Root(00) para top(01)
Mensaje * / 00:29:00:000 / top(01) para evehicle(02)
Mensaje Y / 00:29:00:000 / evehicle(02) / out /      1.00000 para top(01)
Mensaje D / 00:29:00:000 / evehicle(02) / ... para top(01)
Mensaje Y / 00:29:00:000 / top(01) / diff /      1.00000 para Root(00)
Mensaje D / 00:29:00:000 / top(01) / ... para Root(00)
Mensaje X / 00:29:00:001 / Root(00) / cdiff /      3.00000 para top(01)
Mensaje X / 00:29:00:001 / top(01) / in /      3.00000 para evehicle(02)
Mensaje D / 00:29:00:001 / evehicle(02) / 00:03:00:000 para top(01)
Mensaje D / 00:29:00:001 / top(01) / 00:03:00:000 para Root(00)
Mensaje * / 00:32:00:001 / Root(00) para top(01)
Mensaje * / 00:32:00:001 / top(01) para evehicle(02)
Mensaje Y / 00:32:00:001 / evehicle(02) / out /      3.00000 para top(01)
Mensaje D / 00:32:00:001 / evehicle(02) / ... para top(01)
Mensaje Y / 00:32:00:001 / top(01) / diff /      3.00000 para Root(00)
Mensaje D / 00:32:00:001 / top(01) / ... para Root(00)
Mensaje X / 00:32:10:000 / Root(00) / cdiff /      2.00000 para top(01)
Mensaje X / 00:32:10:000 / top(01) / in /      2.00000 para evehicle(02)
Mensaje D / 00:32:10:000 / evehicle(02) / 00:02:00:000 para top(01)
Mensaje D / 00:32:10:000 / top(01) / 00:02:00:000 para Root(00)
Mensaje * / 00:34:10:000 / Root(00) para top(01)
Mensaje * / 00:34:10:000 / top(01) para evehicle(02)
Mensaje Y / 00:34:10:000 / evehicle(02) / out /      2.00000 para top(01)
Mensaje D / 00:34:10:000 / evehicle(02) / ... para top(01)
Mensaje Y / 00:34:10:000 / top(01) / diff /      2.00000 para Root(00)
Mensaje D / 00:34:10:000 / top(01) / ... para Root(00)
