Mensaje I / 00:00:00:000 / Root(00) para top(01)
Mensaje I / 00:00:00:000 / top(01) para ecall(02)
Mensaje D / 00:00:00:000 / ecall(02) / ... para top(01)
Mensaje D / 00:00:00:000 / top(01) / ... para Root(00)
Mensaje X / 00:05:00:000 / Root(00) / outside_call /      2.00000 para top(01)
Mensaje X / 00:05:00:000 / top(01) / outside_call /      2.00000 para ecall(02)
Mensaje D / 00:05:00:000 / ecall(02) / 00:00:00:000 para top(01)
Mensaje D / 00:05:00:000 / top(01) / 00:00:00:000 para Root(00)
Mensaje * / 00:05:00:000 / Root(00) para top(01)
Mensaje * / 00:05:00:000 / top(01) para ecall(02)
Mensaje Y / 00:05:00:000 / ecall(02) / call_gen /      2.00000 para top(01)
Mensaje D / 00:05:00:000 / ecall(02) / ... para top(01)
Mensaje Y / 00:05:00:000 / top(01) / call_gen /      2.00000 para Root(00)
Mensaje D / 00:05:00:000 / top(01) / ... para Root(00)
Mensaje X / 00:11:00:000 / Root(00) / inside_call /      3.00000 para top(01)
Mensaje X / 00:11:00:000 / top(01) / inside_call /      3.00000 para ecall(02)
Mensaje D / 00:11:00:000 / ecall(02) / 00:00:00:000 para top(01)
Mensaje D / 00:11:00:000 / top(01) / 00:00:00:000 para Root(00)
Mensaje X / 00:11:00:000 / Root(00) / outside_call /      1.00000 para top(01)
Mensaje X / 00:11:00:000 / top(01) / outside_call /      1.00000 para ecall(02)
Mensaje D / 00:11:00:000 / ecall(02) / 00:00:00:000 para top(01)
Mensaje D / 00:11:00:000 / top(01) / 00:00:00:000 para Root(00)
Mensaje * / 00:11:00:000 / Root(00) para top(01)
Mensaje * / 00:11:00:000 / top(01) para ecall(02)
Mensaje Y / 00:11:00:000 / ecall(02) / call_gen /      3.00000 para top(01)
Mensaje D / 00:11:00:000 / ecall(02) / ... para top(01)
Mensaje Y / 00:11:00:000 / top(01) / call_gen /      3.00000 para Root(00)
Mensaje D / 00:11:00:000 / top(01) / ... para Root(00)
Mensaje X / 00:15:00:000 / Root(00) / outside_call /      2.00000 para top(01)
Mensaje X / 00:15:00:000 / top(01) / outside_call /      2.00000 para ecall(02)
Mensaje D / 00:15:00:000 / ecall(02) / 00:00:00:000 para top(01)
Mensaje D / 00:15:00:000 / top(01) / 00:00:00:000 para Root(00)
Mensaje * / 00:15:00:000 / Root(00) para top(01)
Mensaje * / 00:15:00:000 / top(01) para ecall(02)
Mensaje Y / 00:15:00:000 / ecall(02) / call_gen /      2.00000 para top(01)
Mensaje D / 00:15:00:000 / ecall(02) / ... para top(01)
Mensaje Y / 00:15:00:000 / top(01) / call_gen /      2.00000 para Root(00)
Mensaje D / 00:15:00:000 / top(01) / ... para Root(00)
Mensaje X / 00:18:00:000 / Root(00) / inside_call /      2.00000 para top(01)
Mensaje X / 00:18:00:000 / top(01) / inside_call /      2.00000 para ecall(02)
Mensaje D / 00:18:00:000 / ecall(02) / 00:00:00:000 para top(01)
Mensaje D / 00:18:00:000 / top(01) / 00:00:00:000 para Root(00)
Mensaje * / 00:18:00:000 / Root(00) para top(01)
Mensaje * / 00:18:00:000 / top(01) para ecall(02)
Mensaje Y / 00:18:00:000 / ecall(02) / call_gen /      2.00000 para top(01)
Mensaje D / 00:18:00:000 / ecall(02) / ... para top(01)
Mensaje Y / 00:18:00:000 / top(01) / call_gen /      2.00000 para Root(00)
Mensaje D / 00:18:00:000 / top(01) / ... para Root(00)
Mensaje X / 00:20:00:000 / Root(00) / inside_call /      3.00000 para top(01)
Mensaje X / 00:20:00:000 / top(01) / inside_call /      3.00000 para ecall(02)
Mensaje D / 00:20:00:000 / ecall(02) / 00:00:00:000 para top(01)
Mensaje D / 00:20:00:000 / top(01) / 00:00:00:000 para Root(00)
Mensaje * / 00:20:00:000 / Root(00) para top(01)
Mensaje * / 00:20:00:000 / top(01) para ecall(02)
Mensaje Y / 00:20:00:000 / ecall(02) / call_gen /      3.00000 para top(01)
Mensaje D / 00:20:00:000 / ecall(02) / ... para top(01)
Mensaje Y / 00:20:00:000 / top(01) / call_gen /      3.00000 para Root(00)
Mensaje D / 00:20:00:000 / top(01) / ... para Root(00)
Mensaje X / 00:25:00:000 / Root(00) / outside_call /      1.00000 para top(01)
Mensaje X / 00:25:00:000 / top(01) / outside_call /      1.00000 para ecall(02)
Mensaje D / 00:25:00:000 / ecall(02) / 00:00:00:000 para top(01)
Mensaje D / 00:25:00:000 / top(01) / 00:00:00:000 para Root(00)
Mensaje * / 00:25:00:000 / Root(00) para top(01)
Mensaje * / 00:25:00:000 / top(01) para ecall(02)
Mensaje Y / 00:25:00:000 / ecall(02) / call_gen /      1.00000 para top(01)
Mensaje D / 00:25:00:000 / ecall(02) / ... para top(01)
Mensaje Y / 00:25:00:000 / top(01) / call_gen /      1.00000 para Root(00)
Mensaje D / 00:25:00:000 / top(01) / ... para Root(00)
Mensaje X / 00:45:00:000 / Root(00) / outside_call /      2.00000 para top(01)
Mensaje X / 00:45:00:000 / top(01) / outside_call /      2.00000 para ecall(02)
Mensaje D / 00:45:00:000 / ecall(02) / 00:00:00:000 para top(01)
Mensaje D / 00:45:00:000 / top(01) / 00:00:00:000 para Root(00)
Mensaje X / 00:45:00:000 / Root(00) / inside_call /      3.00000 para top(01)
Mensaje X / 00:45:00:000 / top(01) / inside_call /      3.00000 para ecall(02)
Mensaje D / 00:45:00:000 / ecall(02) / 00:00:00:000 para top(01)
Mensaje D / 00:45:00:000 / top(01) / 00:00:00:000 para Root(00)
Mensaje * / 00:45:00:000 / Root(00) para top(01)
Mensaje * / 00:45:00:000 / top(01) para ecall(02)
Mensaje Y / 00:45:00:000 / ecall(02) / call_gen /      3.00000 para top(01)
Mensaje D / 00:45:00:000 / ecall(02) / ... para top(01)
Mensaje Y / 00:45:00:000 / top(01) / call_gen /      3.00000 para Root(00)
Mensaje D / 00:45:00:000 / top(01) / ... para Root(00)
