Mensaje I / 00:00:00:000 / Root(00) para top(01)
Mensaje I / 00:00:00:000 / top(01) para ecall(02)
Mensaje I / 00:00:00:000 / top(01) para elevator(03)
Mensaje D / 00:00:00:000 / ecall(02) / ... para top(01)
Mensaje I / 00:00:00:000 / elevator(03) para econtrol(04)
Mensaje I / 00:00:00:000 / elevator(03) para evehicle(05)
Mensaje D / 00:00:00:000 / econtrol(04) / ... para elevator(03)
Mensaje D / 00:00:00:000 / evehicle(05) / ... para elevator(03)
Mensaje D / 00:00:00:000 / elevator(03) / ... para top(01)
Mensaje D / 00:00:00:000 / top(01) / ... para Root(00)
Mensaje X / 00:12:00:000 / Root(00) / outside_call /      3.00000 para top(01)
Mensaje X / 00:12:00:000 / top(01) / outside_call /      3.00000 para ecall(02)
Mensaje D / 00:12:00:000 / ecall(02) / 00:00:00:000 para top(01)
Mensaje D / 00:12:00:000 / top(01) / 00:00:00:000 para Root(00)
Mensaje * / 00:12:00:000 / Root(00) para top(01)
Mensaje * / 00:12:00:000 / top(01) para ecall(02)
Mensaje Y / 00:12:00:000 / ecall(02) / call_gen /      3.00000 para top(01)
Mensaje D / 00:12:00:000 / ecall(02) / ... para top(01)
Mensaje X / 00:12:00:000 / top(01) / acall /      3.00000 para elevator(03)
Mensaje X / 00:12:00:000 / elevator(03) / acall /      3.00000 para econtrol(04)
Mensaje D / 00:12:00:000 / econtrol(04) / 00:00:00:000 para elevator(03)
Mensaje D / 00:12:00:000 / elevator(03) / 00:00:00:000 para top(01)
Mensaje D / 00:12:00:000 / top(01) / 00:00:00:000 para Root(00)
Mensaje * / 00:12:00:000 / Root(00) para top(01)
Mensaje * / 00:12:00:000 / top(01) para elevator(03)
Mensaje * / 00:12:00:000 / elevator(03) para econtrol(04)
Mensaje Y / 00:12:00:000 / econtrol(04) / timem /      2.00000 para elevator(03)
Mensaje D / 00:12:00:000 / econtrol(04) / ... para elevator(03)
Mensaje X / 00:12:00:000 / elevator(03) / in /      2.00000 para evehicle(05)
Mensaje D / 00:12:00:000 / evehicle(05) / 00:02:00:000 para elevator(03)
Mensaje D / 00:12:00:000 / elevator(03) / 00:02:00:000 para top(01)
Mensaje D / 00:12:00:000 / top(01) / 00:02:00:000 para Root(00)
Mensaje * / 00:14:00:000 / Root(00) para top(01)
Mensaje * / 00:14:00:000 / top(01) para elevator(03)
Mensaje * / 00:14:00:000 / elevator(03) para evehicle(05)
Mensaje Y / 00:14:00:000 / evehicle(05) / out /      2.00000 para elevator(03)
Mensaje D / 00:14:00:000 / evehicle(05) / ... para elevator(03)
Mensaje X / 00:14:00:000 / elevator(03) / fback /      2.00000 para econtrol(04)
Mensaje D / 00:14:00:000 / econtrol(04) / 00:00:00:000 para elevator(03)
Mensaje D / 00:14:00:000 / elevator(03) / 00:00:00:000 para top(01)
Mensaje D / 00:14:00:000 / top(01) / 00:00:00:000 para Root(00)
Mensaje * / 00:14:00:000 / Root(00) para top(01)
Mensaje * / 00:14:00:000 / top(01) para elevator(03)
Mensaje * / 00:14:00:000 / elevator(03) para econtrol(04)
Mensaje Y / 00:14:00:000 / econtrol(04) / floor /      3.00000 para elevator(03)
Mensaje D / 00:14:00:000 / econtrol(04) / ... para elevator(03)
Mensaje Y / 00:14:00:000 / elevator(03) / floor /      3.00000 para top(01)
Mensaje D / 00:14:00:000 / elevator(03) / ... para top(01)
Mensaje Y / 00:14:00:000 / top(01) / floor /      3.00000 para Root(00)
Mensaje D / 00:14:00:000 / top(01) / ... para Root(00)
Mensaje X / 00:15:00:000 / Root(00) / inside_call /      1.00000 para top(01)
Mensaje X / 00:15:00:000 / top(01) / inside_call /      1.00000 para ecall(02)
Mensaje D / 00:15:00:000 / ecall(02) / 00:00:00:000 para top(01)
Mensaje D / 00:15:00:000 / top(01) / 00:00:00:000 para Root(00)
Mensaje * / 00:15:00:000 / Root(00) para top(01)
Mensaje * / 00:15:00:000 / top(01) para ecall(02)
Mensaje Y / 00:15:00:000 / ecall(02) / call_gen /      1.00000 para top(01)
Mensaje D / 00:15:00:000 / ecall(02) / ... para top(01)
Mensaje X / 00:15:00:000 / top(01) / acall /      1.00000 para elevator(03)
Mensaje X / 00:15:00:000 / elevator(03) / acall /      1.00000 para econtrol(04)
Mensaje D / 00:15:00:000 / econtrol(04) / 00:00:00:000 para elevator(03)
Mensaje D / 00:15:00:000 / elevator(03) / 00:00:00:000 para top(01)
Mensaje D / 00:15:00:000 / top(01) / 00:00:00:000 para Root(00)
Mensaje * / 00:15:00:000 / Root(00) para top(01)
Mensaje * / 00:15:00:000 / top(01) para elevator(03)
Mensaje * / 00:15:00:000 / elevator(03) para econtrol(04)
Mensaje Y / 00:15:00:000 / econtrol(04) / timem /      2.00000 para elevator(03)
Mensaje D / 00:15:00:000 / econtrol(04) / ... para elevator(03)
Mensaje X / 00:15:00:000 / elevator(03) / in /      2.00000 para evehicle(05)
Mensaje D / 00:15:00:000 / evehicle(05) / 00:02:00:000 para elevator(03)
Mensaje D / 00:15:00:000 / elevator(03) / 00:02:00:000 para top(01)
Mensaje D / 00:15:00:000 / top(01) / 00:02:00:000 para Root(00)
Mensaje * / 00:17:00:000 / Root(00) para top(01)
Mensaje * / 00:17:00:000 / top(01) para elevator(03)
Mensaje * / 00:17:00:000 / elevator(03) para evehicle(05)
Mensaje Y / 00:17:00:000 / evehicle(05) / out /      2.00000 para elevator(03)
Mensaje D / 00:17:00:000 / evehicle(05) / ... para elevator(03)
Mensaje X / 00:17:00:000 / elevator(03) / fback /      2.00000 para econtrol(04)
Mensaje D / 00:17:00:000 / econtrol(04) / 00:00:00:000 para elevator(03)
Mensaje D / 00:17:00:000 / elevator(03) / 00:00:00:000 para top(01)
Mensaje D / 00:17:00:000 / top(01) / 00:00:00:000 para Root(00)
Mensaje * / 00:17:00:000 / Root(00) para top(01)
Mensaje * / 00:17:00:000 / top(01) para elevator(03)
Mensaje * / 00:17:00:000 / elevator(03) para econtrol(04)
Mensaje Y / 00:17:00:000 / econtrol(04) / floor /      1.00000 para elevator(03)
Mensaje D / 00:17:00:000 / econtrol(04) / ... para elevator(03)
Mensaje Y / 00:17:00:000 / elevator(03) / floor /      1.00000 para top(01)
Mensaje D / 00:17:00:000 / elevator(03) / ... para top(01)
Mensaje Y / 00:17:00:000 / top(01) / floor /      1.00000 para Root(00)
Mensaje D / 00:17:00:000 / top(01) / ... para Root(00)
Mensaje X / 00:18:00:000 / Root(00) / outside_call /      2.00000 para top(01)
Mensaje X / 00:18:00:000 / top(01) / outside_call /      2.00000 para ecall(02)
Mensaje D / 00:18:00:000 / ecall(02) / 00:00:00:000 para top(01)
Mensaje D / 00:18:00:000 / top(01) / 00:00:00:000 para Root(00)
Mensaje * / 00:18:00:000 / Root(00) para top(01)
Mensaje * / 00:18:00:000 / top(01) para ecall(02)
Mensaje Y / 00:18:00:000 / ecall(02) / call_gen /      2.00000 para top(01)
Mensaje D / 00:18:00:000 / ecall(02) / ... para top(01)
Mensaje X / 00:18:00:000 / top(01) / acall /      2.00000 para elevator(03)
Mensaje X / 00:18:00:000 / elevator(03) / acall /      2.00000 para econtrol(04)
Mensaje D / 00:18:00:000 / econtrol(04) / 00:00:00:000 para elevator(03)
Mensaje D / 00:18:00:000 / elevator(03) / 00:00:00:000 para top(01)
Mensaje D / 00:18:00:000 / top(01) / 00:00:00:000 para Root(00)
Mensaje * / 00:18:00:000 / Root(00) para top(01)
Mensaje * / 00:18:00:000 / top(01) para elevator(03)
Mensaje * / 00:18:00:000 / elevator(03) para econtrol(04)
Mensaje Y / 00:18:00:000 / econtrol(04) / timem /      1.00000 para elevator(03)
Mensaje D / 00:18:00:000 / econtrol(04) / ... para elevator(03)
Mensaje X / 00:18:00:000 / elevator(03) / in /      1.00000 para evehicle(05)
Mensaje D / 00:18:00:000 / evehicle(05) / 00:01:00:000 para elevator(03)
Mensaje D / 00:18:00:000 / elevator(03) / 00:01:00:000 para top(01)
Mensaje D / 00:18:00:000 / top(01) / 00:01:00:000 para Root(00)
Mensaje * / 00:19:00:000 / Root(00) para top(01)
Mensaje * / 00:19:00:000 / top(01) para elevator(03)
Mensaje * / 00:19:00:000 / elevator(03) para evehicle(05)
Mensaje Y / 00:19:00:000 / evehicle(05) / out /      1.00000 para elevator(03)
Mensaje D / 00:19:00:000 / evehicle(05) / ... para elevator(03)
Mensaje X / 00:19:00:000 / elevator(03) / fback /      1.00000 para econtrol(04)
Mensaje D / 00:19:00:000 / econtrol(04) / 00:00:00:000 para elevator(03)
Mensaje D / 00:19:00:000 / elevator(03) / 00:00:00:000 para top(01)
Mensaje D / 00:19:00:000 / top(01) / 00:00:00:000 para Root(00)
Mensaje * / 00:19:00:000 / Root(00) para top(01)
Mensaje * / 00:19:00:000 / top(01) para elevator(03)
Mensaje * / 00:19:00:000 / elevator(03) para econtrol(04)
Mensaje Y / 00:19:00:000 / econtrol(04) / floor /      2.00000 para elevator(03)
Mensaje D / 00:19:00:000 / econtrol(04) / ... para elevator(03)
Mensaje Y / 00:19:00:000 / elevator(03) / floor /      2.00000 para top(01)
Mensaje D / 00:19:00:000 / elevator(03) / ... para top(01)
Mensaje Y / 00:19:00:000 / top(01) / floor /      2.00000 para Root(00)
Mensaje D / 00:19:00:000 / top(01) / ... para Root(00)
Mensaje X / 00:21:00:000 / Root(00) / inside_call /      3.00000 para top(01)
Mensaje X / 00:21:00:000 / top(01) / inside_call /      3.00000 para ecall(02)
Mensaje D / 00:21:00:000 / ecall(02) / 00:00:00:000 para top(01)
Mensaje D / 00:21:00:000 / top(01) / 00:00:00:000 para Root(00)
Mensaje X / 00:21:00:000 / Root(00) / outside_call /      2.00000 para top(01)
Mensaje X / 00:21:00:000 / top(01) / outside_call /      2.00000 para ecall(02)
Mensaje D / 00:21:00:000 / ecall(02) / 00:00:00:000 para top(01)
Mensaje D / 00:21:00:000 / top(01) / 00:00:00:000 para Root(00)
Mensaje * / 00:21:00:000 / Root(00) para top(01)
Mensaje * / 00:21:00:000 / top(01) para ecall(02)
Mensaje Y / 00:21:00:000 / ecall(02) / call_gen /      3.00000 para top(01)
Mensaje D / 00:21:00:000 / ecall(02) / ... para top(01)
Mensaje X / 00:21:00:000 / top(01) / acall /      3.00000 para elevator(03)
Mensaje X / 00:21:00:000 / elevator(03) / acall /      3.00000 para econtrol(04)
Mensaje D / 00:21:00:000 / econtrol(04) / 00:00:00:000 para elevator(03)
Mensaje D / 00:21:00:000 / elevator(03) / 00:00:00:000 para top(01)
Mensaje D / 00:21:00:000 / top(01) / 00:00:00:000 para Root(00)
Mensaje * / 00:21:00:000 / Root(00) para top(01)
Mensaje * / 00:21:00:000 / top(01) para elevator(03)
Mensaje * / 00:21:00:000 / elevator(03) para econtrol(04)
Mensaje Y / 00:21:00:000 / econtrol(04) / timem /      1.00000 para elevator(03)
Mensaje D / 00:21:00:000 / econtrol(04) / ... para elevator(03)
Mensaje X / 00:21:00:000 / elevator(03) / in /      1.00000 para evehicle(05)
Mensaje D / 00:21:00:000 / evehicle(05) / 00:01:00:000 para elevator(03)
Mensaje D / 00:21:00:000 / elevator(03) / 00:01:00:000 para top(01)
Mensaje D / 00:21:00:000 / top(01) / 00:01:00:000 para Root(00)
Mensaje * / 00:22:00:000 / Root(00) para top(01)
Mensaje * / 00:22:00:000 / top(01) para elevator(03)
Mensaje * / 00:22:00:000 / elevator(03) para evehicle(05)
Mensaje Y / 00:22:00:000 / evehicle(05) / out /      1.00000 para elevator(03)
Mensaje D / 00:22:00:000 / evehicle(05) / ... para elevator(03)
Mensaje X / 00:22:00:000 / elevator(03) / fback /      1.00000 para econtrol(04)
Mensaje D / 00:22:00:000 / econtrol(04) / 00:00:00:000 para elevator(03)
Mensaje D / 00:22:00:000 / elevator(03) / 00:00:00:000 para top(01)
Mensaje D / 00:22:00:000 / top(01) / 00:00:00:000 para Root(00)
Mensaje * / 00:22:00:000 / Root(00) para top(01)
Mensaje * / 00:22:00:000 / top(01) para elevator(03)
Mensaje * / 00:22:00:000 / elevator(03) para econtrol(04)
Mensaje Y / 00:22:00:000 / econtrol(04) / floor /      3.00000 para elevator(03)
Mensaje D / 00:22:00:000 / econtrol(04) / ... para elevator(03)
Mensaje Y / 00:22:00:000 / elevator(03) / floor /      3.00000 para top(01)
Mensaje D / 00:22:00:000 / elevator(03) / ... para top(01)
Mensaje Y / 00:22:00:000 / top(01) / floor /      3.00000 para Root(00)
Mensaje D / 00:22:00:000 / top(01) / ... para Root(00)
Mensaje X / 00:25:00:000 / Root(00) / inside_call /      1.00000 para top(01)
Mensaje X / 00:25:00:000 / top(01) / inside_call /      1.00000 para ecall(02)
Mensaje D / 00:25:00:000 / ecall(02) / 00:00:00:000 para top(01)
Mensaje D / 00:25:00:000 / top(01) / 00:00:00:000 para Root(00)
Mensaje * / 00:25:00:000 / Root(00) para top(01)
Mensaje * / 00:25:00:000 / top(01) para ecall(02)
Mensaje Y / 00:25:00:000 / ecall(02) / call_gen /      1.00000 para top(01)
Mensaje D / 00:25:00:000 / ecall(02) / ... para top(01)
Mensaje X / 00:25:00:000 / top(01) / acall /      1.00000 para elevator(03)
Mensaje X / 00:25:00:000 / elevator(03) / acall /      1.00000 para econtrol(04)
Mensaje D / 00:25:00:000 / econtrol(04) / 00:00:00:000 para elevator(03)
Mensaje D / 00:25:00:000 / elevator(03) / 00:00:00:000 para top(01)
Mensaje D / 00:25:00:000 / top(01) / 00:00:00:000 para Root(00)
Mensaje * / 00:25:00:000 / Root(00) para top(01)
Mensaje * / 00:25:00:000 / top(01) para elevator(03)
Mensaje * / 00:25:00:000 / elevator(03) para econtrol(04)
Mensaje Y / 00:25:00:000 / econtrol(04) / timem /      2.00000 para elevator(03)
Mensaje D / 00:25:00:000 / econtrol(04) / ... para elevator(03)
Mensaje X / 00:25:00:000 / elevator(03) / in /      2.00000 para evehicle(05)
Mensaje D / 00:25:00:000 / evehicle(05) / 00:02:00:000 para elevator(03)
Mensaje D / 00:25:00:000 / elevator(03) / 00:02:00:000 para top(01)
Mensaje D / 00:25:00:000 / top(01) / 00:02:00:000 para Root(00)
Mensaje * / 00:27:00:000 / Root(00) para top(01)
Mensaje * / 00:27:00:000 / top(01) para elevator(03)
Mensaje * / 00:27:00:000 / elevator(03) para evehicle(05)
Mensaje Y / 00:27:00:000 / evehicle(05) / out /      2.00000 para elevator(03)
Mensaje D / 00:27:00:000 / evehicle(05) / ... para elevator(03)
Mensaje X / 00:27:00:000 / elevator(03) / fback /      2.00000 para econtrol(04)
Mensaje D / 00:27:00:000 / econtrol(04) / 00:00:00:000 para elevator(03)
Mensaje D / 00:27:00:000 / elevator(03) / 00:00:00:000 para top(01)
Mensaje D / 00:27:00:000 / top(01) / 00:00:00:000 para Root(00)
Mensaje * / 00:27:00:000 / Root(00) para top(01)
Mensaje * / 00:27:00:000 / top(01) para elevator(03)
Mensaje * / 00:27:00:000 / elevator(03) para econtrol(04)
Mensaje Y / 00:27:00:000 / econtrol(04) / floor /      1.00000 para elevator(03)
Mensaje D / 00:27:00:000 / econtrol(04) / ... para elevator(03)
Mensaje Y / 00:27:00:000 / elevator(03) / floor /      1.00000 para top(01)
Mensaje D / 00:27:00:000 / elevator(03) / ... para top(01)
Mensaje Y / 00:27:00:000 / top(01) / floor /      1.00000 para Root(00)
Mensaje D / 00:27:00:000 / top(01) / ... para Root(00)
Mensaje X / 00:28:00:000 / Root(00) / outside_call /      3.00000 para top(01)
Mensaje X / 00:28:00:000 / top(01) / outside_call /      3.00000 para ecall(02)
Mensaje D / 00:28:00:000 / ecall(02) / 00:00:00:000 para top(01)
Mensaje D / 00:28:00:000 / top(01) / 00:00:00:000 para Root(00)
Mensaje * / 00:28:00:000 / Root(00) para top(01)
Mensaje * / 00:28:00:000 / top(01) para ecall(02)
Mensaje Y / 00:28:00:000 / ecall(02) / call_gen /      3.00000 para top(01)
Mensaje D / 00:28:00:000 / ecall(02) / ... para top(01)
Mensaje X / 00:28:00:000 / top(01) / acall /      3.00000 para elevator(03)
Mensaje X / 00:28:00:000 / elevator(03) / acall /      3.00000 para econtrol(04)
Mensaje D / 00:28:00:000 / econtrol(04) / 00:00:00:000 para elevator(03)
Mensaje D / 00:28:00:000 / elevator(03) / 00:00:00:000 para top(01)
Mensaje D / 00:28:00:000 / top(01) / 00:00:00:000 para Root(00)
Mensaje * / 00:28:00:000 / Root(00) para top(01)
Mensaje * / 00:28:00:000 / top(01) para elevator(03)
Mensaje * / 00:28:00:000 / elevator(03) para econtrol(04)
Mensaje Y / 00:28:00:000 / econtrol(04) / timem /      2.00000 para elevator(03)
Mensaje D / 00:28:00:000 / econtrol(04) / ... para elevator(03)
Mensaje X / 00:28:00:000 / elevator(03) / in /      2.00000 para evehicle(05)
Mensaje D / 00:28:00:000 / evehicle(05) / 00:02:00:000 para elevator(03)
Mensaje D / 00:28:00:000 / elevator(03) / 00:02:00:000 para top(01)
Mensaje D / 00:28:00:000 / top(01) / 00:02:00:000 para Root(00)
Mensaje X / 00:30:00:000 / Root(00) / inside_call /      1.00000 para top(01)
Mensaje X / 00:30:00:000 / top(01) / inside_call /      1.00000 para ecall(02)
Mensaje D / 00:30:00:000 / ecall(02) / 00:00:00:000 para top(01)
Mensaje D / 00:30:00:000 / top(01) / 00:00:00:000 para Root(00)
Mensaje * / 00:30:00:000 / Root(00) para top(01)
Mensaje * / 00:30:00:000 / top(01) para ecall(02)
Mensaje Y / 00:30:00:000 / ecall(02) / call_gen /      1.00000 para top(01)
Mensaje D / 00:30:00:000 / ecall(02) / ... para top(01)
Mensaje X / 00:30:00:000 / top(01) / acall /      1.00000 para elevator(03)
Mensaje X / 00:30:00:000 / elevator(03) / acall /      1.00000 para econtrol(04)
Mensaje D / 00:30:00:000 / econtrol(04) / 00:00:00:000 para elevator(03)
Mensaje D / 00:30:00:000 / elevator(03) / 00:00:00:000 para top(01)
Mensaje D / 00:30:00:000 / top(01) / 00:00:00:000 para Root(00)
Mensaje * / 00:30:00:000 / Root(00) para top(01)
Mensaje * / 00:30:00:000 / top(01) para elevator(03)
Mensaje * / 00:30:00:000 / elevator(03) para econtrol(04)
Mensaje D / 00:30:00:000 / econtrol(04) / ... para elevator(03)
Mensaje D / 00:30:00:000 / elevator(03) / 00:00:00:000 para top(01)
Mensaje D / 00:30:00:000 / top(01) / 00:00:00:000 para Root(00)
Mensaje * / 00:30:00:000 / Root(00) para top(01)
Mensaje * / 00:30:00:000 / top(01) para elevator(03)
Mensaje * / 00:30:00:000 / elevator(03) para evehicle(05)
Mensaje Y / 00:30:00:000 / evehicle(05) / out /      2.00000 para elevator(03)
Mensaje D / 00:30:00:000 / evehicle(05) / ... para elevator(03)
Mensaje X / 00:30:00:000 / elevator(03) / fback /      2.00000 para econtrol(04)
Mensaje D / 00:30:00:000 / econtrol(04) / 00:00:00:000 para elevator(03)
Mensaje D / 00:30:00:000 / elevator(03) / 00:00:00:000 para top(01)
Mensaje D / 00:30:00:000 / top(01) / 00:00:00:000 para Root(00)
Mensaje * / 00:30:00:000 / Root(00) para top(01)
Mensaje * / 00:30:00:000 / top(01) para elevator(03)
Mensaje * / 00:30:00:000 / elevator(03) para econtrol(04)
Mensaje Y / 00:30:00:000 / econtrol(04) / floor /      3.00000 para elevator(03)
Mensaje D / 00:30:00:000 / econtrol(04) / ... para elevator(03)
Mensaje Y / 00:30:00:000 / elevator(03) / floor /      3.00000 para top(01)
Mensaje D / 00:30:00:000 / elevator(03) / ... para top(01)
Mensaje Y / 00:30:00:000 / top(01) / floor /      3.00000 para Root(00)
Mensaje D / 00:30:00:000 / top(01) / ... para Root(00)
Mensaje X / 00:35:00:000 / Root(00) / outside_call /      2.00000 para top(01)
Mensaje X / 00:35:00:000 / top(01) / outside_call /      2.00000 para ecall(02)
Mensaje D / 00:35:00:000 / ecall(02) / 00:00:00:000 para top(01)
Mensaje D / 00:35:00:000 / top(01) / 00:00:00:000 para Root(00)
Mensaje * / 00:35:00:000 / Root(00) para top(01)
Mensaje * / 00:35:00:000 / top(01) para ecall(02)
Mensaje Y / 00:35:00:000 / ecall(02) / call_gen /      2.00000 para top(01)
Mensaje D / 00:35:00:000 / ecall(02) / ... para top(01)
Mensaje X / 00:35:00:000 / top(01) / acall /      2.00000 para elevator(03)
Mensaje X / 00:35:00:000 / elevator(03) / acall /      2.00000 para econtrol(04)
Mensaje D / 00:35:00:000 / econtrol(04) / 00:00:00:000 para elevator(03)
Mensaje D / 00:35:00:000 / elevator(03) / 00:00:00:000 para top(01)
Mensaje D / 00:35:00:000 / top(01) / 00:00:00:000 para Root(00)
Mensaje * / 00:35:00:000 / Root(00) para top(01)
Mensaje * / 00:35:00:000 / top(01) para elevator(03)
Mensaje * / 00:35:00:000 / elevator(03) para econtrol(04)
Mensaje Y / 00:35:00:000 / econtrol(04) / timem /      2.00000 para elevator(03)
Mensaje D / 00:35:00:000 / econtrol(04) / ... para elevator(03)
Mensaje X / 00:35:00:000 / elevator(03) / in /      2.00000 para evehicle(05)
Mensaje D / 00:35:00:000 / evehicle(05) / 00:02:00:000 para elevator(03)
Mensaje D / 00:35:00:000 / elevator(03) / 00:02:00:000 para top(01)
Mensaje D / 00:35:00:000 / top(01) / 00:02:00:000 para Root(00)
Mensaje * / 00:37:00:000 / Root(00) para top(01)
Mensaje * / 00:37:00:000 / top(01) para elevator(03)
Mensaje * / 00:37:00:000 / elevator(03) para evehicle(05)
Mensaje Y / 00:37:00:000 / evehicle(05) / out /      2.00000 para elevator(03)
Mensaje D / 00:37:00:000 / evehicle(05) / ... para elevator(03)
Mensaje X / 00:37:00:000 / elevator(03) / fback /      2.00000 para econtrol(04)
Mensaje D / 00:37:00:000 / econtrol(04) / 00:00:00:000 para elevator(03)
Mensaje D / 00:37:00:000 / elevator(03) / 00:00:00:000 para top(01)
Mensaje D / 00:37:00:000 / top(01) / 00:00:00:000 para Root(00)
Mensaje * / 00:37:00:000 / Root(00) para top(01)
Mensaje * / 00:37:00:000 / top(01) para elevator(03)
Mensaje * / 00:37:00:000 / elevator(03) para econtrol(04)
Mensaje Y / 00:37:00:000 / econtrol(04) / floor /      1.00000 para elevator(03)
Mensaje D / 00:37:00:000 / econtrol(04) / ... para elevator(03)
Mensaje Y / 00:37:00:000 / elevator(03) / floor /      1.00000 para top(01)
Mensaje D / 00:37:00:000 / elevator(03) / ... para top(01)
Mensaje Y / 00:37:00:000 / top(01) / floor /      1.00000 para Root(00)
Mensaje D / 00:37:00:000 / top(01) / ... para Root(00)
Mensaje X / 00:39:00:000 / Root(00) / inside_call /      1.00000 para top(01)
Mensaje X / 00:39:00:000 / top(01) / inside_call /      1.00000 para ecall(02)
Mensaje D / 00:39:00:000 / ecall(02) / 00:00:00:000 para top(01)
Mensaje D / 00:39:00:000 / top(01) / 00:00:00:000 para Root(00)
Mensaje * / 00:39:00:000 / Root(00) para top(01)
Mensaje * / 00:39:00:000 / top(01) para ecall(02)
Mensaje Y / 00:39:00:000 / ecall(02) / call_gen /      1.00000 para top(01)
Mensaje D / 00:39:00:000 / ecall(02) / ... para top(01)
Mensaje X / 00:39:00:000 / top(01) / acall /      1.00000 para elevator(03)
Mensaje X / 00:39:00:000 / elevator(03) / acall /      1.00000 para econtrol(04)
Mensaje D / 00:39:00:000 / econtrol(04) / 00:00:00:000 para elevator(03)
Mensaje D / 00:39:00:000 / elevator(03) / 00:00:00:000 para top(01)
Mensaje D / 00:39:00:000 / top(01) / 00:00:00:000 para Root(00)
Mensaje * / 00:39:00:000 / Root(00) para top(01)
Mensaje * / 00:39:00:000 / top(01) para elevator(03)
Mensaje * / 00:39:00:000 / elevator(03) para econtrol(04)
Mensaje Y / 00:39:00:000 / econtrol(04) / timem /      1.00000 para elevator(03)
Mensaje D / 00:39:00:000 / econtrol(04) / ... para elevator(03)
Mensaje X / 00:39:00:000 / elevator(03) / in /      1.00000 para evehicle(05)
Mensaje D / 00:39:00:000 / evehicle(05) / 00:01:00:000 para elevator(03)
Mensaje D / 00:39:00:000 / elevator(03) / 00:01:00:000 para top(01)
Mensaje D / 00:39:00:000 / top(01) / 00:01:00:000 para Root(00)
Mensaje * / 00:40:00:000 / Root(00) para top(01)
Mensaje * / 00:40:00:000 / top(01) para elevator(03)
Mensaje * / 00:40:00:000 / elevator(03) para evehicle(05)
Mensaje Y / 00:40:00:000 / evehicle(05) / out /      1.00000 para elevator(03)
Mensaje D / 00:40:00:000 / evehicle(05) / ... para elevator(03)
Mensaje X / 00:40:00:000 / elevator(03) / fback /      1.00000 para econtrol(04)
Mensaje D / 00:40:00:000 / econtrol(04) / 00:00:00:000 para elevator(03)
Mensaje D / 00:40:00:000 / elevator(03) / 00:00:00:000 para top(01)
Mensaje D / 00:40:00:000 / top(01) / 00:00:00:000 para Root(00)
Mensaje * / 00:40:00:000 / Root(00) para top(01)
Mensaje * / 00:40:00:000 / top(01) para elevator(03)
Mensaje * / 00:40:00:000 / elevator(03) para econtrol(04)
Mensaje Y / 00:40:00:000 / econtrol(04) / floor /      2.00000 para elevator(03)
Mensaje D / 00:40:00:000 / econtrol(04) / ... para elevator(03)
Mensaje Y / 00:40:00:000 / elevator(03) / floor /      2.00000 para top(01)
Mensaje D / 00:40:00:000 / elevator(03) / ... para top(01)
Mensaje Y / 00:40:00:000 / top(01) / floor /      2.00000 para Root(00)
Mensaje D / 00:40:00:000 / top(01) / ... para Root(00)
Mensaje X / 00:44:00:000 / Root(00) / outside_call /      3.00000 para top(01)
Mensaje X / 00:44:00:000 / top(01) / outside_call /      3.00000 para ecall(02)
Mensaje D / 00:44:00:000 / ecall(02) / 00:00:00:000 para top(01)
Mensaje D / 00:44:00:000 / top(01) / 00:00:00:000 para Root(00)
Mensaje * / 00:44:00:000 / Root(00) para top(01)
Mensaje * / 00:44:00:000 / top(01) para ecall(02)
Mensaje Y / 00:44:00:000 / ecall(02) / call_gen /      3.00000 para top(01)
Mensaje D / 00:44:00:000 / ecall(02) / ... para top(01)
Mensaje X / 00:44:00:000 / top(01) / acall /      3.00000 para elevator(03)
Mensaje X / 00:44:00:000 / elevator(03) / acall /      3.00000 para econtrol(04)
Mensaje D / 00:44:00:000 / econtrol(04) / 00:00:00:000 para elevator(03)
Mensaje D / 00:44:00:000 / elevator(03) / 00:00:00:000 para top(01)
Mensaje D / 00:44:00:000 / top(01) / 00:00:00:000 para Root(00)
Mensaje * / 00:44:00:000 / Root(00) para top(01)
Mensaje * / 00:44:00:000 / top(01) para elevator(03)
Mensaje * / 00:44:00:000 / elevator(03) para econtrol(04)
Mensaje Y / 00:44:00:000 / econtrol(04) / timem /      1.00000 para elevator(03)
Mensaje D / 00:44:00:000 / econtrol(04) / ... para elevator(03)
Mensaje X / 00:44:00:000 / elevator(03) / in /      1.00000 para evehicle(05)
Mensaje D / 00:44:00:000 / evehicle(05) / 00:01:00:000 para elevator(03)
Mensaje D / 00:44:00:000 / elevator(03) / 00:01:00:000 para top(01)
Mensaje D / 00:44:00:000 / top(01) / 00:01:00:000 para Root(00)
Mensaje * / 00:45:00:000 / Root(00) para top(01)
Mensaje * / 00:45:00:000 / top(01) para elevator(03)
Mensaje * / 00:45:00:000 / elevator(03) para evehicle(05)
Mensaje Y / 00:45:00:000 / evehicle(05) / out /      1.00000 para elevator(03)
Mensaje D / 00:45:00:000 / evehicle(05) / ... para elevator(03)
Mensaje X / 00:45:00:000 / elevator(03) / fback /      1.00000 para econtrol(04)
Mensaje D / 00:45:00:000 / econtrol(04) / 00:00:00:000 para elevator(03)
Mensaje D / 00:45:00:000 / elevator(03) / 00:00:00:000 para top(01)
Mensaje D / 00:45:00:000 / top(01) / 00:00:00:000 para Root(00)
Mensaje * / 00:45:00:000 / Root(00) para top(01)
Mensaje * / 00:45:00:000 / top(01) para elevator(03)
Mensaje * / 00:45:00:000 / elevator(03) para econtrol(04)
Mensaje Y / 00:45:00:000 / econtrol(04) / floor /      1.00000 para elevator(03)
Mensaje D / 00:45:00:000 / econtrol(04) / ... para elevator(03)
Mensaje Y / 00:45:00:000 / elevator(03) / floor /      1.00000 para top(01)
Mensaje D / 00:45:00:000 / elevator(03) / ... para top(01)
Mensaje Y / 00:45:00:000 / top(01) / floor /      1.00000 para Root(00)
Mensaje D / 00:45:00:000 / top(01) / ... para Root(00)
Mensaje X / 00:54:00:000 / Root(00) / inside_call /      2.00000 para top(01)
Mensaje X / 00:54:00:000 / top(01) / inside_call /      2.00000 para ecall(02)
Mensaje D / 00:54:00:000 / ecall(02) / 00:00:00:000 para top(01)
Mensaje D / 00:54:00:000 / top(01) / 00:00:00:000 para Root(00)
Mensaje * / 00:54:00:000 / Root(00) para top(01)
Mensaje * / 00:54:00:000 / top(01) para ecall(02)
Mensaje Y / 00:54:00:000 / ecall(02) / call_gen /      2.00000 para top(01)
Mensaje D / 00:54:00:000 / ecall(02) / ... para top(01)
Mensaje X / 00:54:00:000 / top(01) / acall /      2.00000 para elevator(03)
Mensaje X / 00:54:00:000 / elevator(03) / acall /      2.00000 para econtrol(04)
Mensaje D / 00:54:00:000 / econtrol(04) / 00:00:00:000 para elevator(03)
Mensaje D / 00:54:00:000 / elevator(03) / 00:00:00:000 para top(01)
Mensaje D / 00:54:00:000 / top(01) / 00:00:00:000 para Root(00)
Mensaje * / 00:54:00:000 / Root(00) para top(01)
Mensaje * / 00:54:00:000 / top(01) para elevator(03)
Mensaje * / 00:54:00:000 / elevator(03) para econtrol(04)
Mensaje Y / 00:54:00:000 / econtrol(04) / timem /      2.00000 para elevator(03)
Mensaje D / 00:54:00:000 / econtrol(04) / ... para elevator(03)
Mensaje X / 00:54:00:000 / elevator(03) / in /      2.00000 para evehicle(05)
Mensaje D / 00:54:00:000 / evehicle(05) / 00:02:00:000 para elevator(03)
Mensaje D / 00:54:00:000 / elevator(03) / 00:02:00:000 para top(01)
Mensaje D / 00:54:00:000 / top(01) / 00:02:00:000 para Root(00)
Mensaje * / 00:56:00:000 / Root(00) para top(01)
Mensaje * / 00:56:00:000 / top(01) para elevator(03)
Mensaje * / 00:56:00:000 / elevator(03) para evehicle(05)
Mensaje Y / 00:56:00:000 / evehicle(05) / out /      2.00000 para elevator(03)
Mensaje D / 00:56:00:000 / evehicle(05) / ... para elevator(03)
Mensaje X / 00:56:00:000 / elevator(03) / fback /      2.00000 para econtrol(04)
Mensaje D / 00:56:00:000 / econtrol(04) / 00:00:00:000 para elevator(03)
Mensaje D / 00:56:00:000 / elevator(03) / 00:00:00:000 para top(01)
Mensaje D / 00:56:00:000 / top(01) / 00:00:00:000 para Root(00)
Mensaje * / 00:56:00:000 / Root(00) para top(01)
Mensaje * / 00:56:00:000 / top(01) para elevator(03)
Mensaje * / 00:56:00:000 / elevator(03) para econtrol(04)
Mensaje Y / 00:56:00:000 / econtrol(04) / floor /      3.00000 para elevator(03)
Mensaje D / 00:56:00:000 / econtrol(04) / ... para elevator(03)
Mensaje Y / 00:56:00:000 / elevator(03) / floor /      3.00000 para top(01)
Mensaje D / 00:56:00:000 / elevator(03) / ... para top(01)
Mensaje Y / 00:56:00:000 / top(01) / floor /      3.00000 para Root(00)
Mensaje D / 00:56:00:000 / top(01) / ... para Root(00)
Mensaje X / 00:57:00:000 / Root(00) / outside_call /      1.00000 para top(01)
Mensaje X / 00:57:00:000 / top(01) / outside_call /      1.00000 para ecall(02)
Mensaje D / 00:57:00:000 / ecall(02) / 00:00:00:000 para top(01)
Mensaje D / 00:57:00:000 / top(01) / 00:00:00:000 para Root(00)
Mensaje * / 00:57:00:000 / Root(00) para top(01)
Mensaje * / 00:57:00:000 / top(01) para ecall(02)
Mensaje Y / 00:57:00:000 / ecall(02) / call_gen /      1.00000 para top(01)
Mensaje D / 00:57:00:000 / ecall(02) / ... para top(01)
Mensaje X / 00:57:00:000 / top(01) / acall /      1.00000 para elevator(03)
Mensaje X / 00:57:00:000 / elevator(03) / acall /      1.00000 para econtrol(04)
Mensaje D / 00:57:00:000 / econtrol(04) / 00:00:00:000 para elevator(03)
Mensaje D / 00:57:00:000 / elevator(03) / 00:00:00:000 para top(01)
Mensaje D / 00:57:00:000 / top(01) / 00:00:00:000 para Root(00)
Mensaje * / 00:57:00:000 / Root(00) para top(01)
Mensaje * / 00:57:00:000 / top(01) para elevator(03)
Mensaje * / 00:57:00:000 / elevator(03) para econtrol(04)
Mensaje Y / 00:57:00:000 / econtrol(04) / timem /      1.00000 para elevator(03)
Mensaje D / 00:57:00:000 / econtrol(04) / ... para elevator(03)
Mensaje X / 00:57:00:000 / elevator(03) / in /      1.00000 para evehicle(05)
Mensaje D / 00:57:00:000 / evehicle(05) / 00:01:00:000 para elevator(03)
Mensaje D / 00:57:00:000 / elevator(03) / 00:01:00:000 para top(01)
Mensaje D / 00:57:00:000 / top(01) / 00:01:00:000 para Root(00)
Mensaje * / 00:58:00:000 / Root(00) para top(01)
Mensaje * / 00:58:00:000 / top(01) para elevator(03)
Mensaje * / 00:58:00:000 / elevator(03) para evehicle(05)
Mensaje Y / 00:58:00:000 / evehicle(05) / out /      1.00000 para elevator(03)
Mensaje D / 00:58:00:000 / evehicle(05) / ... para elevator(03)
Mensaje X / 00:58:00:000 / elevator(03) / fback /      1.00000 para econtrol(04)
Mensaje D / 00:58:00:000 / econtrol(04) / 00:00:00:000 para elevator(03)
Mensaje D / 00:58:00:000 / elevator(03) / 00:00:00:000 para top(01)
Mensaje D / 00:58:00:000 / top(01) / 00:00:00:000 para Root(00)
Mensaje * / 00:58:00:000 / Root(00) para top(01)
Mensaje * / 00:58:00:000 / top(01) para elevator(03)
Mensaje * / 00:58:00:000 / elevator(03) para econtrol(04)
Mensaje Y / 00:58:00:000 / econtrol(04) / floor /      2.00000 para elevator(03)
Mensaje D / 00:58:00:000 / econtrol(04) / ... para elevator(03)
Mensaje Y / 00:58:00:000 / elevator(03) / floor /      2.00000 para top(01)
Mensaje D / 00:58:00:000 / elevator(03) / ... para top(01)
Mensaje Y / 00:58:00:000 / top(01) / floor /      2.00000 para Root(00)
Mensaje D / 00:58:00:000 / top(01) / ... para Root(00)
Mensaje X / 01:05:00:000 / Root(00) / outside_call /      2.00000 para top(01)
Mensaje X / 01:05:00:000 / top(01) / outside_call /      2.00000 para ecall(02)
Mensaje D / 01:05:00:000 / ecall(02) / 00:00:00:000 para top(01)
Mensaje D / 01:05:00:000 / top(01) / 00:00:00:000 para Root(00)
Mensaje * / 01:05:00:000 / Root(00) para top(01)
Mensaje * / 01:05:00:000 / top(01) para ecall(02)
Mensaje Y / 01:05:00:000 / ecall(02) / call_gen /      2.00000 para top(01)
Mensaje D / 01:05:00:000 / ecall(02) / ... para top(01)
Mensaje X / 01:05:00:000 / top(01) / acall /      2.00000 para elevator(03)
Mensaje X / 01:05:00:000 / elevator(03) / acall /      2.00000 para econtrol(04)
Mensaje D / 01:05:00:000 / econtrol(04) / 00:00:00:000 para elevator(03)
Mensaje D / 01:05:00:000 / elevator(03) / 00:00:00:000 para top(01)
Mensaje D / 01:05:00:000 / top(01) / 00:00:00:000 para Root(00)
Mensaje * / 01:05:00:000 / Root(00) para top(01)
Mensaje * / 01:05:00:000 / top(01) para elevator(03)
Mensaje * / 01:05:00:000 / elevator(03) para econtrol(04)
Mensaje Y / 01:05:00:000 / econtrol(04) / timem /      1.00000 para elevator(03)
Mensaje D / 01:05:00:000 / econtrol(04) / ... para elevator(03)
Mensaje X / 01:05:00:000 / elevator(03) / in /      1.00000 para evehicle(05)
Mensaje D / 01:05:00:000 / evehicle(05) / 00:01:00:000 para elevator(03)
Mensaje D / 01:05:00:000 / elevator(03) / 00:01:00:000 para top(01)
Mensaje D / 01:05:00:000 / top(01) / 00:01:00:000 para Root(00)
Mensaje * / 01:06:00:000 / Root(00) para top(01)
Mensaje * / 01:06:00:000 / top(01) para elevator(03)
Mensaje * / 01:06:00:000 / elevator(03) para evehicle(05)
Mensaje Y / 01:06:00:000 / evehicle(05) / out /      1.00000 para elevator(03)
Mensaje D / 01:06:00:000 / evehicle(05) / ... para elevator(03)
Mensaje X / 01:06:00:000 / elevator(03) / fback /      1.00000 para econtrol(04)
Mensaje D / 01:06:00:000 / econtrol(04) / 00:00:00:000 para elevator(03)
Mensaje D / 01:06:00:000 / elevator(03) / 00:00:00:000 para top(01)
Mensaje D / 01:06:00:000 / top(01) / 00:00:00:000 para Root(00)
Mensaje * / 01:06:00:000 / Root(00) para top(01)
Mensaje * / 01:06:00:000 / top(01) para elevator(03)
Mensaje * / 01:06:00:000 / elevator(03) para econtrol(04)
Mensaje Y / 01:06:00:000 / econtrol(04) / floor /      1.00000 para elevator(03)
Mensaje D / 01:06:00:000 / econtrol(04) / ... para elevator(03)
Mensaje Y / 01:06:00:000 / elevator(03) / floor /      1.00000 para top(01)
Mensaje D / 01:06:00:000 / elevator(03) / ... para top(01)
Mensaje Y / 01:06:00:000 / top(01) / floor /      1.00000 para Root(00)
Mensaje D / 01:06:00:000 / top(01) / ... para Root(00)
Mensaje X / 01:10:00:000 / Root(00) / outside_call /      3.00000 para top(01)
Mensaje X / 01:10:00:000 / top(01) / outside_call /      3.00000 para ecall(02)
Mensaje D / 01:10:00:000 / ecall(02) / 00:00:00:000 para top(01)
Mensaje D / 01:10:00:000 / top(01) / 00:00:00:000 para Root(00)
Mensaje * / 01:10:00:000 / Root(00) para top(01)
Mensaje * / 01:10:00:000 / top(01) para ecall(02)
Mensaje Y / 01:10:00:000 / ecall(02) / call_gen /      3.00000 para top(01)
Mensaje D / 01:10:00:000 / ecall(02) / ... para top(01)
Mensaje X / 01:10:00:000 / top(01) / acall /      3.00000 para elevator(03)
Mensaje X / 01:10:00:000 / elevator(03) / acall /      3.00000 para econtrol(04)
Mensaje D / 01:10:00:000 / econtrol(04) / 00:00:00:000 para elevator(03)
Mensaje D / 01:10:00:000 / elevator(03) / 00:00:00:000 para top(01)
Mensaje D / 01:10:00:000 / top(01) / 00:00:00:000 para Root(00)
Mensaje * / 01:10:00:000 / Root(00) para top(01)
Mensaje * / 01:10:00:000 / top(01) para elevator(03)
Mensaje * / 01:10:00:000 / elevator(03) para econtrol(04)
Mensaje Y / 01:10:00:000 / econtrol(04) / timem /      1.00000 para elevator(03)
Mensaje D / 01:10:00:000 / econtrol(04) / ... para elevator(03)
Mensaje X / 01:10:00:000 / elevator(03) / in /      1.00000 para evehicle(05)
Mensaje D / 01:10:00:000 / evehicle(05) / 00:01:00:000 para elevator(03)
Mensaje D / 01:10:00:000 / elevator(03) / 00:01:00:000 para top(01)
Mensaje D / 01:10:00:000 / top(01) / 00:01:00:000 para Root(00)
Mensaje * / 01:11:00:000 / Root(00) para top(01)
Mensaje * / 01:11:00:000 / top(01) para elevator(03)
Mensaje * / 01:11:00:000 / elevator(03) para evehicle(05)
Mensaje Y / 01:11:00:000 / evehicle(05) / out /      1.00000 para elevator(03)
Mensaje D / 01:11:00:000 / evehicle(05) / ... para elevator(03)
Mensaje X / 01:11:00:000 / elevator(03) / fback /      1.00000 para econtrol(04)
Mensaje D / 01:11:00:000 / econtrol(04) / 00:00:00:000 para elevator(03)
Mensaje D / 01:11:00:000 / elevator(03) / 00:00:00:000 para top(01)
Mensaje D / 01:11:00:000 / top(01) / 00:00:00:000 para Root(00)
Mensaje * / 01:11:00:000 / Root(00) para top(01)
Mensaje * / 01:11:00:000 / top(01) para elevator(03)
Mensaje * / 01:11:00:000 / elevator(03) para econtrol(04)
Mensaje Y / 01:11:00:000 / econtrol(04) / floor /      2.00000 para elevator(03)
Mensaje D / 01:11:00:000 / econtrol(04) / ... para elevator(03)
Mensaje Y / 01:11:00:000 / elevator(03) / floor /      2.00000 para top(01)
Mensaje D / 01:11:00:000 / elevator(03) / ... para top(01)
Mensaje Y / 01:11:00:000 / top(01) / floor /      2.00000 para Root(00)
Mensaje D / 01:11:00:000 / top(01) / ... para Root(00)
Mensaje X / 01:15:00:000 / Root(00) / outside_call /      1.00000 para top(01)
Mensaje X / 01:15:00:000 / top(01) / outside_call /      1.00000 para ecall(02)
Mensaje D / 01:15:00:000 / ecall(02) / 00:00:00:000 para top(01)
Mensaje D / 01:15:00:000 / top(01) / 00:00:00:000 para Root(00)
Mensaje * / 01:15:00:000 / Root(00) para top(01)
Mensaje * / 01:15:00:000 / top(01) para ecall(02)
Mensaje Y / 01:15:00:000 / ecall(02) / call_gen /      1.00000 para top(01)
Mensaje D / 01:15:00:000 / ecall(02) / ... para top(01)
Mensaje X / 01:15:00:000 / top(01) / acall /      1.00000 para elevator(03)
Mensaje X / 01:15:00:000 / elevator(03) / acall /      1.00000 para econtrol(04)
Mensaje D / 01:15:00:000 / econtrol(04) / 00:00:00:000 para elevator(03)
Mensaje D / 01:15:00:000 / elevator(03) / 00:00:00:000 para top(01)
Mensaje D / 01:15:00:000 / top(01) / 00:00:00:000 para Root(00)
Mensaje * / 01:15:00:000 / Root(00) para top(01)
Mensaje * / 01:15:00:000 / top(01) para elevator(03)
Mensaje * / 01:15:00:000 / elevator(03) para econtrol(04)
Mensaje Y / 01:15:00:000 / econtrol(04) / timem /      1.00000 para elevator(03)
Mensaje D / 01:15:00:000 / econtrol(04) / ... para elevator(03)
Mensaje X / 01:15:00:000 / elevator(03) / in /      1.00000 para evehicle(05)
Mensaje D / 01:15:00:000 / evehicle(05) / 00:01:00:000 para elevator(03)
Mensaje D / 01:15:00:000 / elevator(03) / 00:01:00:000 para top(01)
Mensaje D / 01:15:00:000 / top(01) / 00:01:00:000 para Root(00)
Mensaje * / 01:16:00:000 / Root(00) para top(01)
Mensaje * / 01:16:00:000 / top(01) para elevator(03)
Mensaje * / 01:16:00:000 / elevator(03) para evehicle(05)
Mensaje Y / 01:16:00:000 / evehicle(05) / out /      1.00000 para elevator(03)
Mensaje D / 01:16:00:000 / evehicle(05) / ... para elevator(03)
Mensaje X / 01:16:00:000 / elevator(03) / fback /      1.00000 para econtrol(04)
Mensaje D / 01:16:00:000 / econtrol(04) / 00:00:00:000 para elevator(03)
Mensaje D / 01:16:00:000 / elevator(03) / 00:00:00:000 para top(01)
Mensaje D / 01:16:00:000 / top(01) / 00:00:00:000 para Root(00)
Mensaje * / 01:16:00:000 / Root(00) para top(01)
Mensaje * / 01:16:00:000 / top(01) para elevator(03)
Mensaje * / 01:16:00:000 / elevator(03) para econtrol(04)
Mensaje Y / 01:16:00:000 / econtrol(04) / floor /      3.00000 para elevator(03)
Mensaje D / 01:16:00:000 / econtrol(04) / ... para elevator(03)
Mensaje Y / 01:16:00:000 / elevator(03) / floor /      3.00000 para top(01)
Mensaje D / 01:16:00:000 / elevator(03) / ... para top(01)
Mensaje Y / 01:16:00:000 / top(01) / floor /      3.00000 para Root(00)
Mensaje D / 01:16:00:000 / top(01) / ... para Root(00)
