Mensaje I / 00:00:00:000 / Root(00) para top(01)
Mensaje I / 00:00:00:000 / top(01) para econtrol(02)
Mensaje D / 00:00:00:000 / econtrol(02) / ... para top(01)
Mensaje D / 00:00:00:000 / top(01) / ... para Root(00)
Mensaje X / 00:11:00:000 / Root(00) / acall /      2.00000 para top(01)
Mensaje X / 00:11:00:000 / top(01) / acall /      2.00000 para econtrol(02)
Mensaje D / 00:11:00:000 / econtrol(02) / 00:00:00:000 para top(01)
Mensaje D / 00:11:00:000 / top(01) / 00:00:00:000 para Root(00)
Mensaje * / 00:11:00:000 / Root(00) para top(01)
Mensaje * / 00:11:00:000 / top(01) para econtrol(02)
Mensaje Y / 00:11:00:000 / econtrol(02) / timem /      1.00000 para top(01)
Mensaje D / 00:11:00:000 / econtrol(02) / ... para top(01)
Mensaje Y / 00:11:00:000 / top(01) / timem /      1.00000 para Root(00)
Mensaje D / 00:11:00:000 / top(01) / ... para Root(00)
Mensaje X / 00:12:00:000 / Root(00) / fback /      1.00000 para top(01)
Mensaje X / 00:12:00:000 / top(01) / fback /      1.00000 para econtrol(02)
Mensaje D / 00:12:00:000 / econtrol(02) / 00:00:00:000 para top(01)
Mensaje D / 00:12:00:000 / top(01) / 00:00:00:000 para Root(00)
Mensaje * / 00:12:00:000 / Root(00) para top(01)
Mensaje * / 00:12:00:000 / top(01) para econtrol(02)
Mensaje Y / 00:12:00:000 / econtrol(02) / floor /      2.00000 para top(01)
Mensaje D / 00:12:00:000 / econtrol(02) / ... para top(01)
Mensaje Y / 00:12:00:000 / top(01) / floor /      2.00000 para Root(00)
Mensaje D / 00:12:00:000 / top(01) / ... para Root(00)
Mensaje X / 00:15:00:000 / Root(00) / acall /      6.00000 para top(01)
Mensaje X / 00:15:00:000 / top(01) / acall /      6.00000 para econtrol(02)
Mensaje D / 00:15:00:000 / econtrol(02) / 00:00:00:000 para top(01)
Mensaje D / 00:15:00:000 / top(01) / 00:00:00:000 para Root(00)
Mensaje * / 00:15:00:000 / Root(00) para top(01)
Mensaje * / 00:15:00:000 / top(01) para econtrol(02)
Mensaje Y / 00:15:00:000 / econtrol(02) / timem /      4.00000 para top(01)
Mensaje D / 00:15:00:000 / econtrol(02) / ... para top(01)
Mensaje Y / 00:15:00:000 / top(01) / timem /      4.00000 para Root(00)
Mensaje D / 00:15:00:000 / top(01) / ... para Root(00)
Mensaje X / 00:20:00:000 / Root(00) / fback /      4.00000 para top(01)
Mensaje X / 00:20:00:000 / top(01) / fback /      4.00000 para econtrol(02)
Mensaje D / 00:20:00:000 / econtrol(02) / 00:00:00:000 para top(01)
Mensaje D / 00:20:00:000 / top(01) / 00:00:00:000 para Root(00)
Mensaje * / 00:20:00:000 / Root(00) para top(01)
Mensaje * / 00:20:00:000 / top(01) para econtrol(02)
Mensaje Y / 00:20:00:000 / econtrol(02) / floor /      6.00000 para top(01)
Mensaje D / 00:20:00:000 / econtrol(02) / ... para top(01)
Mensaje Y / 00:20:00:000 / top(01) / floor /      6.00000 para Root(00)
Mensaje D / 00:20:00:000 / top(01) / ... para Root(00)
Mensaje X / 00:27:00:000 / Root(00) / acall /      1.00000 para top(01)
Mensaje X / 00:27:00:000 / top(01) / acall /      1.00000 para econtrol(02)
Mensaje D / 00:27:00:000 / econtrol(02) / 00:00:00:000 para top(01)
Mensaje D / 00:27:00:000 / top(01) / 00:00:00:000 para Root(00)
Mensaje * / 00:27:00:000 / Root(00) para top(01)
Mensaje * / 00:27:00:000 / top(01) para econtrol(02)
Mensaje Y / 00:27:00:000 / econtrol(02) / timem /      5.00000 para top(01)
Mensaje D / 00:27:00:000 / econtrol(02) / ... para top(01)
Mensaje Y / 00:27:00:000 / top(01) / timem /      5.00000 para Root(00)
Mensaje D / 00:27:00:000 / top(01) / ... para Root(00)
Mensaje X / 00:28:00:000 / Root(00) / acall /      2.00000 para top(01)
Mensaje X / 00:28:00:000 / top(01) / acall /      2.00000 para econtrol(02)
Mensaje D / 00:28:00:000 / econtrol(02) / 00:00:00:000 para top(01)
Mensaje D / 00:28:00:000 / top(01) / 00:00:00:000 para Root(00)
Mensaje * / 00:28:00:000 / Root(00) para top(01)
Mensaje * / 00:28:00:000 / top(01) para econtrol(02)
Mensaje D / 00:28:00:000 / econtrol(02) / ... para top(01)
Mensaje D / 00:28:00:000 / top(01) / ... para Root(00)
Mensaje X / 00:30:00:000 / Root(00) / fback /      5.00000 para top(01)
Mensaje X / 00:30:00:000 / top(01) / fback /      5.00000 para econtrol(02)
Mensaje D / 00:30:00:000 / econtrol(02) / 00:00:00:000 para top(01)
Mensaje D / 00:30:00:000 / top(01) / 00:00:00:000 para Root(00)
Mensaje * / 00:30:00:000 / Root(00) para top(01)
Mensaje * / 00:30:00:000 / top(01) para econtrol(02)
Mensaje Y / 00:30:00:000 / econtrol(02) / floor /      1.00000 para top(01)
Mensaje D / 00:30:00:000 / econtrol(02) / ... para top(01)
Mensaje Y / 00:30:00:000 / top(01) / floor /      1.00000 para Root(00)
Mensaje D / 00:30:00:000 / top(01) / ... para Root(00)
Mensaje X / 00:31:00:000 / Root(00) / acall /      6.00000 para top(01)
Mensaje X / 00:31:00:000 / top(01) / acall /      6.00000 para econtrol(02)
Mensaje D / 00:31:00:000 / econtrol(02) / 00:00:00:000 para top(01)
Mensaje D / 00:31:00:000 / top(01) / 00:00:00:000 para Root(00)
Mensaje * / 00:31:00:000 / Root(00) para top(01)
Mensaje * / 00:31:00:000 / top(01) para econtrol(02)
Mensaje Y / 00:31:00:000 / econtrol(02) / timem /      1.00000 para top(01)
Mensaje D / 00:31:00:000 / econtrol(02) / ... para top(01)
Mensaje Y / 00:31:00:000 / top(01) / timem /      1.00000 para Root(00)
Mensaje D / 00:31:00:000 / top(01) / ... para Root(00)
Mensaje X / 00:32:00:000 / Root(00) / fback /      1.00000 para top(01)
Mensaje X / 00:32:00:000 / top(01) / fback /      1.00000 para econtrol(02)
Mensaje D / 00:32:00:000 / econtrol(02) / 00:00:00:000 para top(01)
Mensaje D / 00:32:00:000 / top(01) / 00:00:00:000 para Root(00)
Mensaje * / 00:32:00:000 / Root(00) para top(01)
Mensaje * / 00:32:00:000 / top(01) para econtrol(02)
Mensaje Y / 00:32:00:000 / econtrol(02) / floor /      2.00000 para top(01)
Mensaje D / 00:32:00:000 / econtrol(02) / ... para top(01)
Mensaje Y / 00:32:00:000 / top(01) / floor /      2.00000 para Root(00)
Mensaje D / 00:32:00:000 / top(01) / ... para Root(00)
Mensaje X / 00:35:10:000 / Root(00) / fback /      5.00000 para top(01)
Mensaje X / 00:35:10:000 / top(01) / fback /      5.00000 para econtrol(02)
Mensaje D / 00:35:10:000 / econtrol(02) / 00:00:00:000 para top(01)
Mensaje D / 00:35:10:000 / top(01) / 00:00:00:000 para Root(00)
Mensaje * / 00:35:10:000 / Root(00) para top(01)
Mensaje * / 00:35:10:000 / top(01) para econtrol(02)
Mensaje Y / 00:35:10:000 / econtrol(02) / floor /      6.00000 para top(01)
Mensaje D / 00:35:10:000 / econtrol(02) / ... para top(01)
Mensaje Y / 00:35:10:000 / top(01) / floor /      6.00000 para Root(00)
Mensaje D / 00:35:10:000 / top(01) / ... para Root(00)
Mensaje X / 00:36:00:000 / Root(00) / acall /      3.00000 para top(01)
Mensaje X / 00:36:00:000 / top(01) / acall /      3.00000 para econtrol(02)
Mensaje D / 00:36:00:000 / econtrol(02) / 00:00:00:000 para top(01)
Mensaje D / 00:36:00:000 / top(01) / 00:00:00:000 para Root(00)
Mensaje * / 00:36:00:000 / Root(00) para top(01)
Mensaje * / 00:36:00:000 / top(01) para econtrol(02)
Mensaje Y / 00:36:00:000 / econtrol(02) / timem /      4.00000 para top(01)
Mensaje D / 00:36:00:000 / econtrol(02) / ... para top(01)
Mensaje Y / 00:36:00:000 / top(01) / timem /      4.00000 para Root(00)
Mensaje D / 00:36:00:000 / top(01) / ... para Root(00)
Mensaje X / 00:38:00:000 / Root(00) / fback /      3.00000 para top(01)
Mensaje X / 00:38:00:000 / top(01) / fback /      3.00000 para econtrol(02)
Mensaje D / 00:38:00:000 / econtrol(02) / 00:00:00:000 para top(01)
Mensaje D / 00:38:00:000 / top(01) / 00:00:00:000 para Root(00)
Mensaje * / 00:38:00:000 / Root(00) para top(01)
Mensaje * / 00:38:00:000 / top(01) para econtrol(02)
Mensaje Y / 00:38:00:000 / econtrol(02) / floor /      3.00000 para top(01)
Mensaje D / 00:38:00:000 / econtrol(02) / ... para top(01)
Mensaje Y / 00:38:00:000 / top(01) / floor /      3.00000 para Root(00)
Mensaje D / 00:38:00:000 / top(01) / ... para Root(00)
Mensaje X / 00:40:00:000 / Root(00) / acall /      2.00000 para top(01)
Mensaje X / 00:40:00:000 / top(01) / acall /      2.00000 para econtrol(02)
Mensaje D / 00:40:00:000 / econtrol(02) / 00:00:00:000 para top(01)
Mensaje D / 00:40:00:000 / top(01) / 00:00:00:000 para Root(00)
Mensaje * / 00:40:00:000 / Root(00) para top(01)
Mensaje * / 00:40:00:000 / top(01) para econtrol(02)
Mensaje Y / 00:40:00:000 / econtrol(02) / timem /      3.00000 para top(01)
Mensaje D / 00:40:00:000 / econtrol(02) / ... para top(01)
Mensaje Y / 00:40:00:000 / top(01) / timem /      3.00000 para Root(00)
Mensaje D / 00:40:00:000 / top(01) / ... para Root(00)
Mensaje X / 00:41:00:000 / Root(00) / fback /      1.00000 para top(01)
Mensaje X / 00:41:00:000 / top(01) / fback /      1.00000 para econtrol(02)
Mensaje D / 00:41:00:000 / econtrol(02) / 00:00:00:000 para top(01)
Mensaje D / 00:41:00:000 / top(01) / 00:00:00:000 para Root(00)
Mensaje * / 00:41:00:000 / Root(00) para top(01)
Mensaje * / 00:41:00:000 / top(01) para econtrol(02)
Mensaje Y / 00:41:00:000 / econtrol(02) / floor /      2.00000 para top(01)
Mensaje D / 00:41:00:000 / econtrol(02) / ... para top(01)
Mensaje Y / 00:41:00:000 / top(01) / floor /      2.00000 para Root(00)
Mensaje D / 00:41:00:000 / top(01) / ... para Root(00)
